2025-04-10 14:37:29,177 - INFO - Face detector initialized successfully
2025-04-10 14:37:54,480 - INFO - Initializing camera - attempt 1/3
2025-04-10 14:37:57,142 - INFO - Camera initialized successfully
2025-04-10 14:37:57,198 - INFO - Starting face capture for user ID: 123456789012
2025-04-10 14:38:25,166 - INFO - Face capture complete. Captured 51 frames.
2025-04-10 14:38:25,235 - INFO - Successfully saved data for user 123456789012
2025-04-10 14:42:31,016 - INFO - Face detector initialized successfully
2025-04-10 14:42:46,548 - INFO - Initializing camera - attempt 1/3
2025-04-10 14:42:49,240 - INFO - Camera initialized successfully
2025-04-10 14:42:49,291 - INFO - Starting face capture for user ID: 098765432123
2025-04-10 14:44:02,575 - INFO - Face detector initialized successfully
2025-04-10 14:44:10,501 - INFO - Initializing camera - attempt 1/3
2025-04-10 14:44:13,236 - INFO - Camera initialized successfully
2025-04-10 14:44:13,291 - INFO - Starting face capture for user ID: 098765432123
2025-04-10 14:44:30,769 - INFO - Face capture complete. Captured 51 frames.
2025-04-10 14:44:30,812 - INFO - Successfully saved data for user 098765432123
2025-04-10 14:45:07,672 - INFO - Face detector initialized successfully
2025-04-10 14:45:13,333 - INFO - Initializing camera - attempt 1/3
2025-04-10 14:45:16,005 - INFO - Camera initialized successfully
2025-04-10 14:45:16,041 - INFO - Starting face capture for user ID: 098765432123
2025-04-10 14:46:22,612 - INFO - Face detector initialized successfully
2025-04-10 14:46:28,947 - INFO - Initializing camera - attempt 1/3
2025-04-10 14:46:31,671 - INFO - Camera initialized successfully
2025-04-10 14:46:31,723 - INFO - Starting face capture for user ID: 098765432123
2025-04-10 14:46:38,769 - INFO - Face capture complete. Captured 51 frames.
2025-04-10 14:46:38,846 - INFO - Successfully saved data for user 098765432123
2025-04-10 14:46:50,016 - INFO - Face detector initialized successfully
2025-04-10 14:46:55,524 - INFO - Initializing camera - attempt 1/3
2025-04-10 14:46:58,100 - INFO - Camera initialized successfully
2025-04-10 14:46:58,147 - INFO - Starting face capture for user ID: 098765432123
2025-04-10 14:47:14,743 - INFO - Face capture complete. Captured 51 frames.
2025-04-10 14:47:14,836 - INFO - Successfully saved data for user 098765432123
2025-04-10 14:47:24,182 - INFO - Face detector initialized successfully
2025-04-10 14:47:30,547 - INFO - Initializing camera - attempt 1/3
2025-04-10 14:47:33,127 - INFO - Camera initialized successfully
2025-04-10 14:47:33,173 - INFO - Starting face capture for user ID: 098765432123
2025-04-10 14:47:46,413 - INFO - Face capture complete. Captured 51 frames.
2025-04-10 14:47:46,491 - INFO - Successfully saved data for user 098765432123
2025-04-10 19:05:22,623 - INFO - Face detector initialized successfully
2025-04-10 19:05:55,386 - INFO - Initializing camera - attempt 1/3
2025-04-10 19:05:58,550 - INFO - Camera initialized successfully
2025-04-10 19:05:58,605 - INFO - Starting face capture for user ID: 354371197750
2025-04-10 19:06:13,140 - INFO - Face capture complete. Captured 51 frames.
2025-04-10 19:06:13,256 - INFO - Successfully saved data for user 354371197750
2025-04-10 19:09:02,700 - INFO - Face detector initialized successfully
2025-04-10 19:09:08,259 - INFO - Initializing camera - attempt 1/3
2025-04-10 19:09:11,032 - INFO - Camera initialized successfully
2025-04-10 19:09:11,080 - INFO - Starting face capture for user ID: 354371197750
2025-04-10 19:09:16,082 - INFO - Face capture complete. Captured 51 frames.
2025-04-10 19:09:16,148 - INFO - Successfully saved data for user 354371197750
2025-04-16 09:08:04,256 - INFO - Face detector initialized successfully
2025-04-16 09:09:09,279 - INFO - Initializing camera - attempt 1/3
2025-04-16 09:09:12,477 - INFO - Camera initialized successfully
2025-04-16 09:09:12,541 - INFO - Starting face capture for user ID: 123654987896
2025-04-16 09:09:42,917 - INFO - Face capture complete. Captured 51 frames.
2025-04-16 09:09:43,017 - INFO - Successfully saved data for user 123654987896
2025-04-16 09:11:31,276 - INFO - Face detector initialized successfully
2025-04-16 09:11:51,752 - INFO - Initializing camera - attempt 1/3
2025-04-16 09:11:54,483 - INFO - Camera initialized successfully
2025-04-16 09:11:54,519 - INFO - Starting face capture for user ID: 965413214500
2025-04-16 09:12:07,947 - INFO - Face capture complete. Captured 51 frames.
2025-04-16 09:12:08,023 - INFO - Successfully saved data for user 965413214500
2025-04-16 09:17:08,587 - INFO - Face detector initialized successfully
2025-04-16 09:17:20,710 - INFO - Initializing camera - attempt 1/3
2025-04-16 09:17:23,428 - INFO - Camera initialized successfully
2025-04-16 09:17:23,477 - INFO - Starting face capture for user ID: 765432109812
2025-04-16 09:17:47,738 - INFO - Face capture complete. Captured 51 frames.
2025-04-16 09:17:47,829 - INFO - Successfully saved data for user 765432109812
2025-04-16 09:19:08,292 - INFO - Face detector initialized successfully
2025-04-16 09:19:21,655 - INFO - Initializing camera - attempt 1/3
2025-04-16 09:19:24,260 - INFO - Camera initialized successfully
2025-04-16 09:19:24,298 - INFO - Starting face capture for user ID: 123456789123
2025-04-16 09:19:35,053 - INFO - Face capture complete. Captured 51 frames.
2025-04-16 09:19:35,134 - INFO - Successfully saved data for user 123456789123
2025-04-16 09:21:11,259 - INFO - Face detector initialized successfully
2025-04-16 09:21:29,719 - INFO - Initializing camera - attempt 1/3
2025-04-16 09:21:32,339 - INFO - Camera initialized successfully
2025-04-16 09:21:32,390 - INFO - Starting face capture for user ID: 376153918017
2025-04-16 09:21:45,795 - INFO - Face capture complete. Captured 51 frames.
2025-04-16 09:21:45,877 - INFO - Successfully saved data for user 376153918017
2025-04-16 09:33:18,883 - INFO - Face detector initialized successfully
2025-04-16 09:33:36,550 - INFO - Initializing camera - attempt 1/3
2025-04-16 09:33:39,243 - INFO - Camera initialized successfully
2025-04-16 09:33:39,294 - INFO - Starting face capture for user ID: 123456789876
2025-04-16 09:33:47,775 - INFO - Face capture complete. Captured 51 frames.
2025-04-16 09:33:47,870 - INFO - Successfully saved data for user 123456789876
2025-04-29 22:32:03,544 - INFO - Face detector initialized successfully
2025-04-29 22:34:59,825 - INFO - Initializing camera - attempt 1/3
2025-04-29 22:35:01,720 - INFO - Camera initialized successfully
2025-04-29 22:35:01,751 - INFO - Starting face capture for user ID: 802426090909
2025-04-29 22:35:24,052 - INFO - Face capture complete. Captured 51 frames.
2025-04-29 22:35:24,162 - INFO - Successfully saved data for user 802426090909
2025-04-29 22:37:35,952 - INFO - Face detector initialized successfully
2025-04-29 22:37:41,790 - INFO - Initializing camera - attempt 1/3
2025-04-29 22:37:44,231 - INFO - Camera initialized successfully
2025-04-29 22:37:44,290 - INFO - Starting face capture for user ID: 802426090909
2025-04-29 22:37:49,252 - INFO - Face capture complete. Captured 51 frames.
2025-04-29 22:37:49,308 - INFO - Successfully saved data for user 802426090909
2025-04-29 22:38:00,010 - INFO - Face detector initialized successfully
2025-04-29 22:38:01,913 - INFO - Initializing camera - attempt 1/3
2025-04-29 22:38:03,562 - INFO - Camera initialized successfully
2025-04-29 22:38:03,590 - INFO - Starting face capture for user ID: 802426090909
2025-04-29 22:38:07,788 - INFO - Face capture complete. Captured 51 frames.
2025-04-29 22:38:07,890 - INFO - Successfully saved data for user 802426090909
2025-04-29 22:38:38,857 - INFO - Face detector initialized successfully
2025-04-29 22:38:40,993 - INFO - Initializing camera - attempt 1/3
2025-04-29 22:38:43,196 - INFO - Camera initialized successfully
2025-04-29 22:38:43,242 - INFO - Starting face capture for user ID: 802426090909
2025-04-29 22:38:47,663 - INFO - Face capture complete. Captured 51 frames.
2025-04-29 22:38:47,716 - INFO - Successfully saved data for user 802426090909
2025-04-29 22:39:01,341 - INFO - Face detector initialized successfully
2025-04-29 22:39:02,485 - INFO - Initializing camera - attempt 1/3
2025-04-29 22:39:04,748 - INFO - Camera initialized successfully
2025-04-29 22:39:04,783 - INFO - Starting face capture for user ID: 802426090909
2025-04-29 22:39:22,599 - INFO - Face capture complete. Captured 51 frames.
2025-04-29 22:39:22,700 - INFO - Successfully saved data for user 802426090909
2025-04-29 22:39:32,312 - INFO - Face detector initialized successfully
2025-04-29 22:39:34,269 - INFO - Initializing camera - attempt 1/3
2025-04-29 22:39:35,928 - INFO - Camera initialized successfully
2025-04-29 22:39:35,957 - INFO - Starting face capture for user ID: 802426090909
2025-04-29 22:39:45,740 - INFO - Face capture complete. Captured 51 frames.
2025-04-29 22:39:45,851 - INFO - Successfully saved data for user 802426090909
2025-05-01 14:27:45,382 - INFO - Face detector initialized successfully
2025-05-01 14:27:53,508 - INFO - Initializing camera - attempt 1/3
2025-05-01 14:27:56,793 - INFO - Camera initialized successfully
2025-05-01 14:27:56,841 - INFO - Starting face capture for user ID: 123456789098
2025-05-01 14:28:06,318 - INFO - Face capture complete. Captured 51 frames.
2025-05-01 14:28:06,462 - INFO - Successfully saved data for user 123456789098
2025-05-01 14:29:35,076 - INFO - Face detector initialized successfully
2025-05-01 14:29:54,624 - INFO - Initializing camera - attempt 1/3
2025-05-01 14:29:57,362 - INFO - Camera initialized successfully
2025-05-01 14:29:57,424 - INFO - Starting face capture for user ID: 234567890987
2025-05-01 14:30:06,953 - INFO - Face capture complete. Captured 51 frames.
2025-05-01 14:30:07,057 - INFO - Successfully saved data for user 234567890987
2025-05-01 14:30:53,955 - INFO - Face detector initialized successfully
2025-05-01 14:31:41,039 - INFO - Initializing camera - attempt 1/3
2025-05-01 14:31:43,835 - INFO - Camera initialized successfully
2025-05-01 14:31:43,891 - INFO - Starting face capture for user ID: 121105632153
2025-05-01 14:31:51,618 - INFO - Face capture complete. Captured 51 frames.
2025-05-01 14:31:51,728 - INFO - Successfully saved data for user 121105632153
2025-05-01 14:32:17,764 - INFO - Face detector initialized successfully
2025-05-01 14:32:32,081 - INFO - Initializing camera - attempt 1/3
2025-05-01 14:32:34,780 - INFO - Camera initialized successfully
2025-05-01 14:32:34,826 - INFO - Starting face capture for user ID: 345678901234
2025-05-01 14:32:45,603 - INFO - Face capture complete. Captured 51 frames.
2025-05-01 14:32:45,720 - INFO - Successfully saved data for user 345678901234
2025-05-01 14:33:49,019 - INFO - Face detector initialized successfully
2025-05-01 14:34:06,044 - INFO - Initializing camera - attempt 1/3
2025-05-01 14:34:08,777 - INFO - Camera initialized successfully
2025-05-01 14:34:08,825 - INFO - Starting face capture for user ID: 123456789012
2025-05-01 14:34:16,913 - INFO - Face capture complete. Captured 51 frames.
2025-05-01 14:34:17,036 - INFO - Successfully saved data for user 123456789012
2025-05-01 14:35:12,976 - INFO - Face detector initialized successfully
2025-05-01 14:35:20,611 - INFO - Initializing camera - attempt 1/3
2025-05-01 14:35:23,329 - INFO - Camera initialized successfully
2025-05-01 14:35:23,367 - INFO - Starting face capture for user ID: 123456789054
2025-05-01 14:35:29,935 - INFO - Face capture complete. Captured 51 frames.
2025-05-01 14:35:30,052 - INFO - Successfully saved data for user 123456789054
2025-05-01 14:36:58,444 - INFO - Face detector initialized successfully
2025-05-01 14:37:05,853 - INFO - Initializing camera - attempt 1/3
2025-05-01 14:37:08,523 - INFO - Camera initialized successfully
2025-05-01 14:37:08,572 - INFO - Starting face capture for user ID: 123456789014
2025-05-01 14:37:13,887 - INFO - Face capture complete. Captured 51 frames.
2025-05-01 14:37:13,995 - INFO - Successfully saved data for user 123456789014
2025-05-03 12:34:29,584 - INFO - Face detector initialized successfully
2025-05-03 12:34:41,946 - INFO - Initializing camera - attempt 1/3
2025-05-03 12:34:45,041 - INFO - Camera initialized successfully
2025-05-03 12:34:45,117 - INFO - Starting face capture for user ID: 123456789999
2025-05-03 12:34:56,474 - INFO - Face capture complete. Captured 51 frames.
2025-05-03 12:34:56,617 - INFO - Successfully saved data for user 123456789999
